  AntiAim.cpp
  Autowall.cpp
  Config.cpp
  ConVar.cpp
  CreateMove.cpp
  DLLMain.cpp
  Draw.cpp
  DrawModelExecute.cpp
  EndScene.cpp
  Entity.cpp
  FrameStageNotify.cpp
  Global.cpp
  IBaseClientDLL.cpp
  IInputSystem.cpp
  IMaterialSystem.cpp
  imgui_dx9.cpp
  imgui.cpp
  imgui_draw.cpp
  Input.cpp
  Interfaces.cpp
  IPhysicsSurfaceProps.cpp
  ISurface.cpp
  IVModelRender.cpp
  IVPanel.cpp
  LegitBot.cpp
  Math.cpp
  Miscellaneous.cpp
  NetVarManager.cpp
  NetVars.cpp
  Offsets.cpp
  OverrideView.cpp
  PaintTraverse.cpp
  PlaySound.cpp
  RageBot.cpp
  Util.cpp
  Visuals.cpp
  WndProc.cpp
  csgo_internal.vcxproj -> F:\Personal\Source Codes\Kerber0s\Kerber0s\Debug\csgo_internal.dll
