f:\personal\source codes\bedster\bedster\csgo_internal\release\vc140.pdb
f:\personal\source codes\bedster\bedster\csgo_internal\release\interfaces.obj
f:\personal\source codes\bedster\bedster\csgo_internal\release\input.obj
f:\personal\source codes\bedster\bedster\csgo_internal\release\imgui_draw.obj
f:\personal\source codes\bedster\bedster\csgo_internal\release\imgui.obj
f:\personal\source codes\bedster\bedster\csgo_internal\release\imgui_dx9.obj
f:\personal\source codes\bedster\bedster\csgo_internal\release\imaterialsystem.obj
f:\personal\source codes\bedster\bedster\csgo_internal\release\iinputsystem.obj
f:\personal\source codes\bedster\bedster\csgo_internal\release\ibaseclientdll.obj
f:\personal\source codes\bedster\bedster\csgo_internal\release\global.obj
f:\personal\source codes\bedster\bedster\csgo_internal\release\framestagenotify.obj
f:\personal\source codes\bedster\bedster\csgo_internal\release\entity.obj
f:\personal\source codes\bedster\bedster\csgo_internal\release\endscene.obj
f:\personal\source codes\bedster\bedster\csgo_internal\release\drawmodelexecute.obj
f:\personal\source codes\bedster\bedster\csgo_internal\release\draw.obj
f:\personal\source codes\bedster\bedster\csgo_internal\release\dllmain.obj
f:\personal\source codes\bedster\bedster\csgo_internal\release\createmove.obj
f:\personal\source codes\bedster\bedster\csgo_internal\release\convar.obj
f:\personal\source codes\bedster\bedster\csgo_internal\release\config.obj
f:\personal\source codes\bedster\bedster\csgo_internal\release\autowall.obj
f:\personal\source codes\bedster\bedster\csgo_internal\release\antiaim.obj
f:\personal\source codes\bedster\bedster\csgo_internal\release\wndproc.obj
f:\personal\source codes\bedster\bedster\csgo_internal\release\visuals.obj
f:\personal\source codes\bedster\bedster\csgo_internal\release\util.obj
f:\personal\source codes\bedster\bedster\csgo_internal\release\ragebot.obj
f:\personal\source codes\bedster\bedster\csgo_internal\release\playsound.obj
f:\personal\source codes\bedster\bedster\csgo_internal\release\painttraverse.obj
f:\personal\source codes\bedster\bedster\csgo_internal\release\overrideview.obj
f:\personal\source codes\bedster\bedster\csgo_internal\release\offsets.obj
f:\personal\source codes\bedster\bedster\csgo_internal\release\netvars.obj
f:\personal\source codes\bedster\bedster\csgo_internal\release\netvarmanager.obj
f:\personal\source codes\bedster\bedster\csgo_internal\release\miscellaneous.obj
f:\personal\source codes\bedster\bedster\csgo_internal\release\math.obj
f:\personal\source codes\bedster\bedster\csgo_internal\release\legitbot.obj
f:\personal\source codes\bedster\bedster\csgo_internal\release\ivpanel.obj
f:\personal\source codes\bedster\bedster\csgo_internal\release\ivmodelrender.obj
f:\personal\source codes\bedster\bedster\csgo_internal\release\isurface.obj
f:\personal\source codes\bedster\bedster\csgo_internal\release\iphysicssurfaceprops.obj
f:\personal\source codes\bedster\bedster\release\memes.dll
f:\personal\source codes\bedster\bedster\release\memes.ipdb
f:\personal\source codes\bedster\bedster\release\memes.iobj
f:\personal\source codes\bedster\bedster\csgo_internal\release\bedster.tlog\cl.read.1.tlog
f:\personal\source codes\bedster\bedster\csgo_internal\release\bedster.tlog\link.read.1.tlog
f:\personal\source codes\bedster\bedster\csgo_internal\release\bedster.tlog\cl.write.1.tlog
f:\personal\source codes\bedster\bedster\csgo_internal\release\bedster.tlog\cl.command.1.tlog
f:\personal\source codes\bedster\bedster\csgo_internal\release\bedster.tlog\link.command.1.tlog
f:\personal\source codes\bedster\bedster\csgo_internal\release\bedster.tlog\link.write.1.tlog
